<?xml version="1.0" encoding="UTF-8"?>
<testng-results total="2" passed="2" failed="0" skipped="0">
  <reporter-output>
  </reporter-output>
  <suite started-at="2020-07-15T18:16:23Z" name="Default suite" finished-at="2020-07-15T18:16:44Z" duration-ms="20607">
    <groups>
    </groups>
    <test started-at="2020-07-15T18:16:23Z" name="Default test" finished-at="2020-07-15T18:16:44Z" duration-ms="20607">
      <class name="projectdemo.BrowserLaunch">
        <test-method signature="browserLaunch()[pri:0, instance:projectdemo.BrowserLaunch@48bb62]" started-at="2020-07-15T23:46:23Z" name="browserLaunch" finished-at="2020-07-15T23:46:43Z" duration-ms="19928" status="PASS">
          <reporter-output>
          </reporter-output>
        </test-method> <!-- browserLaunch -->
        <test-method signature="browserQuit()[pri:0, instance:projectdemo.BrowserLaunch@48bb62]" started-at="2020-07-15T23:46:43Z" name="browserQuit" finished-at="2020-07-15T23:46:44Z" duration-ms="656" status="PASS">
          <reporter-output>
          </reporter-output>
        </test-method> <!-- browserQuit -->
      </class> <!-- projectdemo.BrowserLaunch -->
    </test> <!-- Default test -->
  </suite> <!-- Default suite -->
</testng-results>
